ARM GAS  C:\Users\binhp\AppData\Local\Temp\ccZOXH1T.s 			page 1


   1              		.cpu cortex-m3
   2              		.arch armv7-m
   3              		.fpu softvfp
   4              		.eabi_attribute 20, 1
   5              		.eabi_attribute 21, 1
   6              		.eabi_attribute 23, 3
   7              		.eabi_attribute 24, 1
   8              		.eabi_attribute 25, 1
   9              		.eabi_attribute 26, 1
  10              		.eabi_attribute 30, 1
  11              		.eabi_attribute 34, 1
  12              		.eabi_attribute 18, 4
  13              		.file	"main.c"
  14              		.text
  15              	.Ltext0:
  16              		.cfi_sections	.debug_frame
  17              		.file 1 "Src/main.c"
  18              		.section	.text.rc522_init,"ax",%progbits
  19              		.align	1
  20              		.global	rc522_init
  21              		.syntax unified
  22              		.thumb
  23              		.thumb_func
  25              	rc522_init:
  26              	.LFB65:
   1:Src/main.c    **** /* USER CODE BEGIN Header */
   2:Src/main.c    **** /**
   3:Src/main.c    ****  ******************************************************************************
   4:Src/main.c    ****  * @file           : main.c
   5:Src/main.c    ****  * @brief          : Main program body
   6:Src/main.c    ****  ******************************************************************************
   7:Src/main.c    ****  * @attention
   8:Src/main.c    ****  *
   9:Src/main.c    ****  * Copyright (c) 2025 STMicroelectronics.
  10:Src/main.c    ****  * All rights reserved.
  11:Src/main.c    ****  *
  12:Src/main.c    ****  * This software is licensed under terms that can be found in the LICENSE file
  13:Src/main.c    ****  * in the root directory of this software component.
  14:Src/main.c    ****  * If no LICENSE file comes with this software, it is provided AS-IS.
  15:Src/main.c    ****  *
  16:Src/main.c    ****  ******************************************************************************
  17:Src/main.c    ****  */
  18:Src/main.c    **** #include "main.h"
  19:Src/main.c    **** #include "spi.h"
  20:Src/main.c    **** #include "usart.h"
  21:Src/main.c    **** #include "gpio.h"
  22:Src/main.c    **** #include "sysconfig.h"
  23:Src/main.c    **** #include "board_config.h"
  24:Src/main.c    **** 
  25:Src/main.c    **** #include "../../../../inc/rc522.h"
  26:Src/main.c    **** #include "../../../../inc/rc522_cfg.h"
  27:Src/main.c    **** 
  28:Src/main.c    **** void rc522_init(void)
  29:Src/main.c    **** {
  27              		.loc 1 29 1 view -0
  28              		.cfi_startproc
  29              		@ args = 0, pretend = 0, frame = 16
ARM GAS  C:\Users\binhp\AppData\Local\Temp\ccZOXH1T.s 			page 2


  30              		@ frame_needed = 0, uses_anonymous_args = 0
  31 0000 00B5     		push	{lr}
  32              	.LCFI0:
  33              		.cfi_def_cfa_offset 4
  34              		.cfi_offset 14, -4
  35 0002 85B0     		sub	sp, sp, #20
  36              	.LCFI1:
  37              		.cfi_def_cfa_offset 24
  30:Src/main.c    ****   rc522_ops_t ops = {
  38              		.loc 1 30 3 view .LVU1
  39              		.loc 1 30 15 is_stmt 0 view .LVU2
  40 0004 054B     		ldr	r3, .L3
  41 0006 EC46     		mov	ip, sp
  42 0008 0FCB     		ldm	r3, {r0, r1, r2, r3}
  43 000a 8CE80F00 		stm	ip, {r0, r1, r2, r3}
  31:Src/main.c    ****       .spi_write = stm32_spi_write,
  32:Src/main.c    ****       .spi_read = stm32_spi_read,
  33:Src/main.c    ****       .rst_pin_write = rc522_rstpin_wrt,
  34:Src/main.c    ****       .rst_pin_read = rc522_rst_pin_rd
  35:Src/main.c    ****   };
  36:Src/main.c    ****   rc522_set_spi_spec(&ops);
  44              		.loc 1 36 3 is_stmt 1 view .LVU3
  45 000e 6046     		mov	r0, ip
  46 0010 FFF7FEFF 		bl	rc522_set_spi_spec
  47              	.LVL0:
  37:Src/main.c    **** }
  48              		.loc 1 37 1 is_stmt 0 view .LVU4
  49 0014 05B0     		add	sp, sp, #20
  50              	.LCFI2:
  51              		.cfi_def_cfa_offset 4
  52              		@ sp needed
  53 0016 5DF804FB 		ldr	pc, [sp], #4
  54              	.L4:
  55 001a 00BF     		.align	2
  56              	.L3:
  57 001c 00000000 		.word	.LANCHOR0
  58              		.cfi_endproc
  59              	.LFE65:
  61              		.section	.text.main,"ax",%progbits
  62              		.align	1
  63              		.global	main
  64              		.syntax unified
  65              		.thumb
  66              		.thumb_func
  68              	main:
  69              	.LFB66:
  38:Src/main.c    **** 
  39:Src/main.c    **** int main(void)
  40:Src/main.c    **** {
  70              		.loc 1 40 1 is_stmt 1 view -0
  71              		.cfi_startproc
  72              		@ args = 0, pretend = 0, frame = 0
  73              		@ frame_needed = 0, uses_anonymous_args = 0
  74 0000 08B5     		push	{r3, lr}
  75              	.LCFI3:
  76              		.cfi_def_cfa_offset 8
  77              		.cfi_offset 3, -8
ARM GAS  C:\Users\binhp\AppData\Local\Temp\ccZOXH1T.s 			page 3


  78              		.cfi_offset 14, -4
  41:Src/main.c    ****   HAL_Init();
  79              		.loc 1 41 3 view .LVU6
  80 0002 FFF7FEFF 		bl	HAL_Init
  81              	.LVL1:
  42:Src/main.c    ****   SystemClock_Config();
  82              		.loc 1 42 3 view .LVU7
  83 0006 FFF7FEFF 		bl	SystemClock_Config
  84              	.LVL2:
  43:Src/main.c    ****   MX_GPIO_Init();
  85              		.loc 1 43 3 view .LVU8
  86 000a FFF7FEFF 		bl	MX_GPIO_Init
  87              	.LVL3:
  44:Src/main.c    ****   MX_SPI1_Init();
  88              		.loc 1 44 3 view .LVU9
  89 000e FFF7FEFF 		bl	MX_SPI1_Init
  90              	.LVL4:
  45:Src/main.c    ****   //MX_USART1_UART_Init();
  46:Src/main.c    **** 
  47:Src/main.c    ****   HAL_Delay(500);
  91              		.loc 1 47 3 view .LVU10
  92 0012 4FF4FA70 		mov	r0, #500
  93 0016 FFF7FEFF 		bl	HAL_Delay
  94              	.LVL5:
  48:Src/main.c    **** 
  49:Src/main.c    ****   rc522_init();
  95              		.loc 1 49 3 view .LVU11
  96 001a FFF7FEFF 		bl	rc522_init
  97              	.LVL6:
  50:Src/main.c    ****   
  51:Src/main.c    ****   rc522_init_reg();
  98              		.loc 1 51 3 view .LVU12
  99 001e FFF7FEFF 		bl	rc522_init_reg
 100              	.LVL7:
  52:Src/main.c    ****   rc522_pcd_init();
 101              		.loc 1 52 3 view .LVU13
 102 0022 FFF7FEFF 		bl	rc522_pcd_init
 103              	.LVL8:
  53:Src/main.c    **** 
  54:Src/main.c    ****   rc522_get_chip_sts();
 104              		.loc 1 54 3 view .LVU14
 105 0026 FFF7FEFF 		bl	rc522_get_chip_sts
 106              	.LVL9:
  55:Src/main.c    **** 
  56:Src/main.c    ****   uint8_t result = 0;
 107              		.loc 1 56 3 view .LVU15
 108              	.L6:
  57:Src/main.c    ****   while (1)
 109              		.loc 1 57 3 discriminator 1 view .LVU16
  58:Src/main.c    ****   {
  59:Src/main.c    ****     HAL_GPIO_TogglePin(BUILTIN_LED_PORT, BUILTIN_LED_PIN);
 110              		.loc 1 59 5 discriminator 1 view .LVU17
 111 002a 4FF40051 		mov	r1, #8192
 112 002e 0548     		ldr	r0, .L8
 113 0030 FFF7FEFF 		bl	HAL_GPIO_TogglePin
 114              	.LVL10:
  60:Src/main.c    ****     result = rc522_get_chip_id();
ARM GAS  C:\Users\binhp\AppData\Local\Temp\ccZOXH1T.s 			page 4


 115              		.loc 1 60 5 discriminator 1 view .LVU18
 116              		.loc 1 60 14 is_stmt 0 discriminator 1 view .LVU19
 117 0034 FFF7FEFF 		bl	rc522_get_chip_id
 118              	.LVL11:
  61:Src/main.c    ****     HAL_Delay(1000);
 119              		.loc 1 61 5 is_stmt 1 discriminator 1 view .LVU20
 120 0038 4FF47A70 		mov	r0, #1000
 121 003c FFF7FEFF 		bl	HAL_Delay
 122              	.LVL12:
  57:Src/main.c    ****   {
 123              		.loc 1 57 9 discriminator 1 view .LVU21
 124 0040 F3E7     		b	.L6
 125              	.L9:
 126 0042 00BF     		.align	2
 127              	.L8:
 128 0044 00100140 		.word	1073811456
 129              		.cfi_endproc
 130              	.LFE66:
 132              		.section	.text.Error_Handler,"ax",%progbits
 133              		.align	1
 134              		.global	Error_Handler
 135              		.syntax unified
 136              		.thumb
 137              		.thumb_func
 139              	Error_Handler:
 140              	.LFB67:
  62:Src/main.c    ****   }
  63:Src/main.c    **** }
  64:Src/main.c    **** 
  65:Src/main.c    **** void Error_Handler(void)
  66:Src/main.c    **** {
 141              		.loc 1 66 1 view -0
 142              		.cfi_startproc
 143              		@ Volatile: function does not return.
 144              		@ args = 0, pretend = 0, frame = 0
 145              		@ frame_needed = 0, uses_anonymous_args = 0
 146              		@ link register save eliminated.
  67:Src/main.c    ****   __disable_irq();
 147              		.loc 1 67 3 view .LVU23
 148              	.LBB4:
 149              	.LBI4:
 150              		.file 2 "Drivers/CMSIS/Include/cmsis_gcc.h"
   1:Drivers/CMSIS/Include/cmsis_gcc.h **** /**************************************************************************//**
   2:Drivers/CMSIS/Include/cmsis_gcc.h ****  * @file     cmsis_gcc.h
   3:Drivers/CMSIS/Include/cmsis_gcc.h ****  * @brief    CMSIS compiler GCC header file
   4:Drivers/CMSIS/Include/cmsis_gcc.h ****  * @version  V5.0.4
   5:Drivers/CMSIS/Include/cmsis_gcc.h ****  * @date     09. April 2018
   6:Drivers/CMSIS/Include/cmsis_gcc.h ****  ******************************************************************************/
   7:Drivers/CMSIS/Include/cmsis_gcc.h **** /*
   8:Drivers/CMSIS/Include/cmsis_gcc.h ****  * Copyright (c) 2009-2018 Arm Limited. All rights reserved.
   9:Drivers/CMSIS/Include/cmsis_gcc.h ****  *
  10:Drivers/CMSIS/Include/cmsis_gcc.h ****  * SPDX-License-Identifier: Apache-2.0
  11:Drivers/CMSIS/Include/cmsis_gcc.h ****  *
  12:Drivers/CMSIS/Include/cmsis_gcc.h ****  * Licensed under the Apache License, Version 2.0 (the License); you may
  13:Drivers/CMSIS/Include/cmsis_gcc.h ****  * not use this file except in compliance with the License.
  14:Drivers/CMSIS/Include/cmsis_gcc.h ****  * You may obtain a copy of the License at
  15:Drivers/CMSIS/Include/cmsis_gcc.h ****  *
ARM GAS  C:\Users\binhp\AppData\Local\Temp\ccZOXH1T.s 			page 5


  16:Drivers/CMSIS/Include/cmsis_gcc.h ****  * www.apache.org/licenses/LICENSE-2.0
  17:Drivers/CMSIS/Include/cmsis_gcc.h ****  *
  18:Drivers/CMSIS/Include/cmsis_gcc.h ****  * Unless required by applicable law or agreed to in writing, software
  19:Drivers/CMSIS/Include/cmsis_gcc.h ****  * distributed under the License is distributed on an AS IS BASIS, WITHOUT
  20:Drivers/CMSIS/Include/cmsis_gcc.h ****  * WARRANTIES OR CONDITIONS OF ANY KIND, either express or implied.
  21:Drivers/CMSIS/Include/cmsis_gcc.h ****  * See the License for the specific language governing permissions and
  22:Drivers/CMSIS/Include/cmsis_gcc.h ****  * limitations under the License.
  23:Drivers/CMSIS/Include/cmsis_gcc.h ****  */
  24:Drivers/CMSIS/Include/cmsis_gcc.h **** 
  25:Drivers/CMSIS/Include/cmsis_gcc.h **** #ifndef __CMSIS_GCC_H
  26:Drivers/CMSIS/Include/cmsis_gcc.h **** #define __CMSIS_GCC_H
  27:Drivers/CMSIS/Include/cmsis_gcc.h **** 
  28:Drivers/CMSIS/Include/cmsis_gcc.h **** /* ignore some GCC warnings */
  29:Drivers/CMSIS/Include/cmsis_gcc.h **** #pragma GCC diagnostic push
  30:Drivers/CMSIS/Include/cmsis_gcc.h **** #pragma GCC diagnostic ignored "-Wsign-conversion"
  31:Drivers/CMSIS/Include/cmsis_gcc.h **** #pragma GCC diagnostic ignored "-Wconversion"
  32:Drivers/CMSIS/Include/cmsis_gcc.h **** #pragma GCC diagnostic ignored "-Wunused-parameter"
  33:Drivers/CMSIS/Include/cmsis_gcc.h **** 
  34:Drivers/CMSIS/Include/cmsis_gcc.h **** /* Fallback for __has_builtin */
  35:Drivers/CMSIS/Include/cmsis_gcc.h **** #ifndef __has_builtin
  36:Drivers/CMSIS/Include/cmsis_gcc.h ****   #define __has_builtin(x) (0)
  37:Drivers/CMSIS/Include/cmsis_gcc.h **** #endif
  38:Drivers/CMSIS/Include/cmsis_gcc.h **** 
  39:Drivers/CMSIS/Include/cmsis_gcc.h **** /* CMSIS compiler specific defines */
  40:Drivers/CMSIS/Include/cmsis_gcc.h **** #ifndef   __ASM
  41:Drivers/CMSIS/Include/cmsis_gcc.h ****   #define __ASM                                  __asm
  42:Drivers/CMSIS/Include/cmsis_gcc.h **** #endif
  43:Drivers/CMSIS/Include/cmsis_gcc.h **** #ifndef   __INLINE
  44:Drivers/CMSIS/Include/cmsis_gcc.h ****   #define __INLINE                               inline
  45:Drivers/CMSIS/Include/cmsis_gcc.h **** #endif
  46:Drivers/CMSIS/Include/cmsis_gcc.h **** #ifndef   __STATIC_INLINE
  47:Drivers/CMSIS/Include/cmsis_gcc.h ****   #define __STATIC_INLINE                        static inline
  48:Drivers/CMSIS/Include/cmsis_gcc.h **** #endif
  49:Drivers/CMSIS/Include/cmsis_gcc.h **** #ifndef   __STATIC_FORCEINLINE                 
  50:Drivers/CMSIS/Include/cmsis_gcc.h ****   #define __STATIC_FORCEINLINE                   __attribute__((always_inline)) static inline
  51:Drivers/CMSIS/Include/cmsis_gcc.h **** #endif                                           
  52:Drivers/CMSIS/Include/cmsis_gcc.h **** #ifndef   __NO_RETURN
  53:Drivers/CMSIS/Include/cmsis_gcc.h ****   #define __NO_RETURN                            __attribute__((__noreturn__))
  54:Drivers/CMSIS/Include/cmsis_gcc.h **** #endif
  55:Drivers/CMSIS/Include/cmsis_gcc.h **** #ifndef   __USED
  56:Drivers/CMSIS/Include/cmsis_gcc.h ****   #define __USED                                 __attribute__((used))
  57:Drivers/CMSIS/Include/cmsis_gcc.h **** #endif
  58:Drivers/CMSIS/Include/cmsis_gcc.h **** #ifndef   __WEAK
  59:Drivers/CMSIS/Include/cmsis_gcc.h ****   #define __WEAK                                 __attribute__((weak))
  60:Drivers/CMSIS/Include/cmsis_gcc.h **** #endif
  61:Drivers/CMSIS/Include/cmsis_gcc.h **** #ifndef   __PACKED
  62:Drivers/CMSIS/Include/cmsis_gcc.h ****   #define __PACKED                               __attribute__((packed, aligned(1)))
  63:Drivers/CMSIS/Include/cmsis_gcc.h **** #endif
  64:Drivers/CMSIS/Include/cmsis_gcc.h **** #ifndef   __PACKED_STRUCT
  65:Drivers/CMSIS/Include/cmsis_gcc.h ****   #define __PACKED_STRUCT                        struct __attribute__((packed, aligned(1)))
  66:Drivers/CMSIS/Include/cmsis_gcc.h **** #endif
  67:Drivers/CMSIS/Include/cmsis_gcc.h **** #ifndef   __PACKED_UNION
  68:Drivers/CMSIS/Include/cmsis_gcc.h ****   #define __PACKED_UNION                         union __attribute__((packed, aligned(1)))
  69:Drivers/CMSIS/Include/cmsis_gcc.h **** #endif
  70:Drivers/CMSIS/Include/cmsis_gcc.h **** #ifndef   __UNALIGNED_UINT32        /* deprecated */
  71:Drivers/CMSIS/Include/cmsis_gcc.h ****   #pragma GCC diagnostic push
  72:Drivers/CMSIS/Include/cmsis_gcc.h ****   #pragma GCC diagnostic ignored "-Wpacked"
ARM GAS  C:\Users\binhp\AppData\Local\Temp\ccZOXH1T.s 			page 6


  73:Drivers/CMSIS/Include/cmsis_gcc.h ****   #pragma GCC diagnostic ignored "-Wattributes"
  74:Drivers/CMSIS/Include/cmsis_gcc.h ****   struct __attribute__((packed)) T_UINT32 { uint32_t v; };
  75:Drivers/CMSIS/Include/cmsis_gcc.h ****   #pragma GCC diagnostic pop
  76:Drivers/CMSIS/Include/cmsis_gcc.h ****   #define __UNALIGNED_UINT32(x)                  (((struct T_UINT32 *)(x))->v)
  77:Drivers/CMSIS/Include/cmsis_gcc.h **** #endif
  78:Drivers/CMSIS/Include/cmsis_gcc.h **** #ifndef   __UNALIGNED_UINT16_WRITE
  79:Drivers/CMSIS/Include/cmsis_gcc.h ****   #pragma GCC diagnostic push
  80:Drivers/CMSIS/Include/cmsis_gcc.h ****   #pragma GCC diagnostic ignored "-Wpacked"
  81:Drivers/CMSIS/Include/cmsis_gcc.h ****   #pragma GCC diagnostic ignored "-Wattributes"
  82:Drivers/CMSIS/Include/cmsis_gcc.h ****   __PACKED_STRUCT T_UINT16_WRITE { uint16_t v; };
  83:Drivers/CMSIS/Include/cmsis_gcc.h ****   #pragma GCC diagnostic pop
  84:Drivers/CMSIS/Include/cmsis_gcc.h ****   #define __UNALIGNED_UINT16_WRITE(addr, val)    (void)((((struct T_UINT16_WRITE *)(void *)(addr))-
  85:Drivers/CMSIS/Include/cmsis_gcc.h **** #endif
  86:Drivers/CMSIS/Include/cmsis_gcc.h **** #ifndef   __UNALIGNED_UINT16_READ
  87:Drivers/CMSIS/Include/cmsis_gcc.h ****   #pragma GCC diagnostic push
  88:Drivers/CMSIS/Include/cmsis_gcc.h ****   #pragma GCC diagnostic ignored "-Wpacked"
  89:Drivers/CMSIS/Include/cmsis_gcc.h ****   #pragma GCC diagnostic ignored "-Wattributes"
  90:Drivers/CMSIS/Include/cmsis_gcc.h ****   __PACKED_STRUCT T_UINT16_READ { uint16_t v; };
  91:Drivers/CMSIS/Include/cmsis_gcc.h ****   #pragma GCC diagnostic pop
  92:Drivers/CMSIS/Include/cmsis_gcc.h ****   #define __UNALIGNED_UINT16_READ(addr)          (((const struct T_UINT16_READ *)(const void *)(add
  93:Drivers/CMSIS/Include/cmsis_gcc.h **** #endif
  94:Drivers/CMSIS/Include/cmsis_gcc.h **** #ifndef   __UNALIGNED_UINT32_WRITE
  95:Drivers/CMSIS/Include/cmsis_gcc.h ****   #pragma GCC diagnostic push
  96:Drivers/CMSIS/Include/cmsis_gcc.h ****   #pragma GCC diagnostic ignored "-Wpacked"
  97:Drivers/CMSIS/Include/cmsis_gcc.h ****   #pragma GCC diagnostic ignored "-Wattributes"
  98:Drivers/CMSIS/Include/cmsis_gcc.h ****   __PACKED_STRUCT T_UINT32_WRITE { uint32_t v; };
  99:Drivers/CMSIS/Include/cmsis_gcc.h ****   #pragma GCC diagnostic pop
 100:Drivers/CMSIS/Include/cmsis_gcc.h ****   #define __UNALIGNED_UINT32_WRITE(addr, val)    (void)((((struct T_UINT32_WRITE *)(void *)(addr))-
 101:Drivers/CMSIS/Include/cmsis_gcc.h **** #endif
 102:Drivers/CMSIS/Include/cmsis_gcc.h **** #ifndef   __UNALIGNED_UINT32_READ
 103:Drivers/CMSIS/Include/cmsis_gcc.h ****   #pragma GCC diagnostic push
 104:Drivers/CMSIS/Include/cmsis_gcc.h ****   #pragma GCC diagnostic ignored "-Wpacked"
 105:Drivers/CMSIS/Include/cmsis_gcc.h ****   #pragma GCC diagnostic ignored "-Wattributes"
 106:Drivers/CMSIS/Include/cmsis_gcc.h ****   __PACKED_STRUCT T_UINT32_READ { uint32_t v; };
 107:Drivers/CMSIS/Include/cmsis_gcc.h ****   #pragma GCC diagnostic pop
 108:Drivers/CMSIS/Include/cmsis_gcc.h ****   #define __UNALIGNED_UINT32_READ(addr)          (((const struct T_UINT32_READ *)(const void *)(add
 109:Drivers/CMSIS/Include/cmsis_gcc.h **** #endif
 110:Drivers/CMSIS/Include/cmsis_gcc.h **** #ifndef   __ALIGNED
 111:Drivers/CMSIS/Include/cmsis_gcc.h ****   #define __ALIGNED(x)                           __attribute__((aligned(x)))
 112:Drivers/CMSIS/Include/cmsis_gcc.h **** #endif
 113:Drivers/CMSIS/Include/cmsis_gcc.h **** #ifndef   __RESTRICT
 114:Drivers/CMSIS/Include/cmsis_gcc.h ****   #define __RESTRICT                             __restrict
 115:Drivers/CMSIS/Include/cmsis_gcc.h **** #endif
 116:Drivers/CMSIS/Include/cmsis_gcc.h **** 
 117:Drivers/CMSIS/Include/cmsis_gcc.h **** 
 118:Drivers/CMSIS/Include/cmsis_gcc.h **** /* ###########################  Core Function Access  ########################### */
 119:Drivers/CMSIS/Include/cmsis_gcc.h **** /** \ingroup  CMSIS_Core_FunctionInterface
 120:Drivers/CMSIS/Include/cmsis_gcc.h ****     \defgroup CMSIS_Core_RegAccFunctions CMSIS Core Register Access Functions
 121:Drivers/CMSIS/Include/cmsis_gcc.h ****   @{
 122:Drivers/CMSIS/Include/cmsis_gcc.h ****  */
 123:Drivers/CMSIS/Include/cmsis_gcc.h **** 
 124:Drivers/CMSIS/Include/cmsis_gcc.h **** /**
 125:Drivers/CMSIS/Include/cmsis_gcc.h ****   \brief   Enable IRQ Interrupts
 126:Drivers/CMSIS/Include/cmsis_gcc.h ****   \details Enables IRQ interrupts by clearing the I-bit in the CPSR.
 127:Drivers/CMSIS/Include/cmsis_gcc.h ****            Can only be executed in Privileged modes.
 128:Drivers/CMSIS/Include/cmsis_gcc.h ****  */
 129:Drivers/CMSIS/Include/cmsis_gcc.h **** __STATIC_FORCEINLINE void __enable_irq(void)
ARM GAS  C:\Users\binhp\AppData\Local\Temp\ccZOXH1T.s 			page 7


 130:Drivers/CMSIS/Include/cmsis_gcc.h **** {
 131:Drivers/CMSIS/Include/cmsis_gcc.h ****   __ASM volatile ("cpsie i" : : : "memory");
 132:Drivers/CMSIS/Include/cmsis_gcc.h **** }
 133:Drivers/CMSIS/Include/cmsis_gcc.h **** 
 134:Drivers/CMSIS/Include/cmsis_gcc.h **** 
 135:Drivers/CMSIS/Include/cmsis_gcc.h **** /**
 136:Drivers/CMSIS/Include/cmsis_gcc.h ****   \brief   Disable IRQ Interrupts
 137:Drivers/CMSIS/Include/cmsis_gcc.h ****   \details Disables IRQ interrupts by setting the I-bit in the CPSR.
 138:Drivers/CMSIS/Include/cmsis_gcc.h ****            Can only be executed in Privileged modes.
 139:Drivers/CMSIS/Include/cmsis_gcc.h ****  */
 140:Drivers/CMSIS/Include/cmsis_gcc.h **** __STATIC_FORCEINLINE void __disable_irq(void)
 151              		.loc 2 140 27 view .LVU24
 152              	.LBB5:
 141:Drivers/CMSIS/Include/cmsis_gcc.h **** {
 142:Drivers/CMSIS/Include/cmsis_gcc.h ****   __ASM volatile ("cpsid i" : : : "memory");
 153              		.loc 2 142 3 view .LVU25
 154              		.syntax unified
 155              	@ 142 "Drivers/CMSIS/Include/cmsis_gcc.h" 1
 156 0000 72B6     		cpsid i
 157              	@ 0 "" 2
 158              		.thumb
 159              		.syntax unified
 160              	.L11:
 161              	.LBE5:
 162              	.LBE4:
  68:Src/main.c    ****   while (1)
 163              		.loc 1 68 3 discriminator 1 view .LVU26
  69:Src/main.c    ****   {
  70:Src/main.c    ****   }
 164              		.loc 1 70 3 discriminator 1 view .LVU27
  68:Src/main.c    ****   while (1)
 165              		.loc 1 68 9 discriminator 1 view .LVU28
 166 0002 FEE7     		b	.L11
 167              		.cfi_endproc
 168              	.LFE67:
 170              		.section	.rodata
 171              		.align	2
 172              		.set	.LANCHOR0,. + 0
 173              	.LC0:
 174 0000 00000000 		.word	stm32_spi_write
 175 0004 00000000 		.word	stm32_spi_read
 176 0008 00000000 		.word	rc522_rstpin_wrt
 177 000c 00000000 		.word	rc522_rst_pin_rd
 178              		.text
 179              	.Letext0:
 180              		.file 3 "C:\\ST\\STM32CubeCLT_1.17.0\\GNU-tools-for-STM32\\bin\\../lib/gcc/arm-none-eabi/12.3.1/..
 181              		.file 4 "C:\\ST\\STM32CubeCLT_1.17.0\\GNU-tools-for-STM32\\bin\\../lib/gcc/arm-none-eabi/12.3.1/..
 182              		.file 5 "Drivers/CMSIS/Device/ST/STM32F1xx/Include/stm32f103x6.h"
 183              		.file 6 "Drivers/STM32F1xx_HAL_Driver/Inc/stm32f1xx_hal_def.h"
 184              		.file 7 "Src/../../../../inc/rc522_cfg.h"
 185              		.file 8 "Src/../../../../inc/rc522.h"
 186              		.file 9 "Drivers/STM32F1xx_HAL_Driver/Inc/stm32f1xx_hal_gpio.h"
 187              		.file 10 "Drivers/STM32F1xx_HAL_Driver/Inc/stm32f1xx_hal.h"
 188              		.file 11 "Inc/spi.h"
 189              		.file 12 "Inc/gpio.h"
 190              		.file 13 "Inc/sysconfig.h"
ARM GAS  C:\Users\binhp\AppData\Local\Temp\ccZOXH1T.s 			page 8


DEFINED SYMBOLS
                            *ABS*:00000000 main.c
C:\Users\binhp\AppData\Local\Temp\ccZOXH1T.s:19     .text.rc522_init:00000000 $t
C:\Users\binhp\AppData\Local\Temp\ccZOXH1T.s:25     .text.rc522_init:00000000 rc522_init
C:\Users\binhp\AppData\Local\Temp\ccZOXH1T.s:57     .text.rc522_init:0000001c $d
C:\Users\binhp\AppData\Local\Temp\ccZOXH1T.s:62     .text.main:00000000 $t
C:\Users\binhp\AppData\Local\Temp\ccZOXH1T.s:68     .text.main:00000000 main
C:\Users\binhp\AppData\Local\Temp\ccZOXH1T.s:128    .text.main:00000044 $d
C:\Users\binhp\AppData\Local\Temp\ccZOXH1T.s:133    .text.Error_Handler:00000000 $t
C:\Users\binhp\AppData\Local\Temp\ccZOXH1T.s:139    .text.Error_Handler:00000000 Error_Handler
C:\Users\binhp\AppData\Local\Temp\ccZOXH1T.s:171    .rodata:00000000 $d

UNDEFINED SYMBOLS
rc522_set_spi_spec
HAL_Init
SystemClock_Config
MX_GPIO_Init
MX_SPI1_Init
HAL_Delay
rc522_init_reg
rc522_pcd_init
rc522_get_chip_sts
HAL_GPIO_TogglePin
rc522_get_chip_id
stm32_spi_write
stm32_spi_read
rc522_rstpin_wrt
rc522_rst_pin_rd
