ARM GAS  C:\Users\binhp\AppData\Local\Temp\ccV5tvCB.s 			page 1


   1              		.cpu cortex-m3
   2              		.arch armv7-m
   3              		.fpu softvfp
   4              		.eabi_attribute 20, 1
   5              		.eabi_attribute 21, 1
   6              		.eabi_attribute 23, 3
   7              		.eabi_attribute 24, 1
   8              		.eabi_attribute 25, 1
   9              		.eabi_attribute 26, 1
  10              		.eabi_attribute 30, 1
  11              		.eabi_attribute 34, 1
  12              		.eabi_attribute 18, 4
  13              		.file	"gpio.c"
  14              		.text
  15              	.Ltext0:
  16              		.cfi_sections	.debug_frame
  17              		.file 1 "Src/gpio.c"
  18              		.section	.text.MX_GPIO_Init,"ax",%progbits
  19              		.align	1
  20              		.global	MX_GPIO_Init
  21              		.syntax unified
  22              		.thumb
  23              		.thumb_func
  25              	MX_GPIO_Init:
  26              	.LFB65:
   1:Src/gpio.c    **** /* USER CODE BEGIN Header */
   2:Src/gpio.c    **** /**
   3:Src/gpio.c    ****   ******************************************************************************
   4:Src/gpio.c    ****   * @file    gpio.c
   5:Src/gpio.c    ****   * @brief   This file provides code for the configuration
   6:Src/gpio.c    ****   *          of all used GPIO pins.
   7:Src/gpio.c    ****   ******************************************************************************
   8:Src/gpio.c    ****   * @attention
   9:Src/gpio.c    ****   *
  10:Src/gpio.c    ****   * Copyright (c) 2025 STMicroelectronics.
  11:Src/gpio.c    ****   * All rights reserved.
  12:Src/gpio.c    ****   *
  13:Src/gpio.c    ****   * This software is licensed under terms that can be found in the LICENSE file
  14:Src/gpio.c    ****   * in the root directory of this software component.
  15:Src/gpio.c    ****   * If no LICENSE file comes with this software, it is provided AS-IS.
  16:Src/gpio.c    ****   *
  17:Src/gpio.c    ****   ******************************************************************************
  18:Src/gpio.c    ****   */
  19:Src/gpio.c    **** /* USER CODE END Header */
  20:Src/gpio.c    **** 
  21:Src/gpio.c    **** /* Includes ------------------------------------------------------------------*/
  22:Src/gpio.c    **** #include "../Inc/gpio.h"
  23:Src/gpio.c    **** 
  24:Src/gpio.c    **** void MX_GPIO_Init(void)
  25:Src/gpio.c    **** {
  27              		.loc 1 25 1 view -0
  28              		.cfi_startproc
  29              		@ args = 0, pretend = 0, frame = 32
  30              		@ frame_needed = 0, uses_anonymous_args = 0
  31 0000 70B5     		push	{r4, r5, r6, lr}
  32              	.LCFI0:
  33              		.cfi_def_cfa_offset 16
ARM GAS  C:\Users\binhp\AppData\Local\Temp\ccV5tvCB.s 			page 2


  34              		.cfi_offset 4, -16
  35              		.cfi_offset 5, -12
  36              		.cfi_offset 6, -8
  37              		.cfi_offset 14, -4
  38 0002 88B0     		sub	sp, sp, #32
  39              	.LCFI1:
  40              		.cfi_def_cfa_offset 48
  26:Src/gpio.c    **** 
  27:Src/gpio.c    ****   GPIO_InitTypeDef GPIO_InitStruct = {0};
  41              		.loc 1 27 3 view .LVU1
  42              		.loc 1 27 20 is_stmt 0 view .LVU2
  43 0004 0024     		movs	r4, #0
  44 0006 0494     		str	r4, [sp, #16]
  45 0008 0594     		str	r4, [sp, #20]
  46 000a 0694     		str	r4, [sp, #24]
  47 000c 0794     		str	r4, [sp, #28]
  28:Src/gpio.c    **** 
  29:Src/gpio.c    ****   /* GPIO Ports Clock Enable */
  30:Src/gpio.c    ****   __HAL_RCC_GPIOC_CLK_ENABLE();
  48              		.loc 1 30 3 is_stmt 1 view .LVU3
  49              	.LBB2:
  50              		.loc 1 30 3 view .LVU4
  51              		.loc 1 30 3 view .LVU5
  52 000e 204B     		ldr	r3, .L3
  53 0010 9A69     		ldr	r2, [r3, #24]
  54 0012 42F01002 		orr	r2, r2, #16
  55 0016 9A61     		str	r2, [r3, #24]
  56              		.loc 1 30 3 view .LVU6
  57 0018 9A69     		ldr	r2, [r3, #24]
  58 001a 02F01002 		and	r2, r2, #16
  59 001e 0092     		str	r2, [sp]
  60              		.loc 1 30 3 view .LVU7
  61 0020 009A     		ldr	r2, [sp]
  62              	.LBE2:
  63              		.loc 1 30 3 view .LVU8
  31:Src/gpio.c    ****   __HAL_RCC_GPIOD_CLK_ENABLE();
  64              		.loc 1 31 3 view .LVU9
  65              	.LBB3:
  66              		.loc 1 31 3 view .LVU10
  67              		.loc 1 31 3 view .LVU11
  68 0022 9A69     		ldr	r2, [r3, #24]
  69 0024 42F02002 		orr	r2, r2, #32
  70 0028 9A61     		str	r2, [r3, #24]
  71              		.loc 1 31 3 view .LVU12
  72 002a 9A69     		ldr	r2, [r3, #24]
  73 002c 02F02002 		and	r2, r2, #32
  74 0030 0192     		str	r2, [sp, #4]
  75              		.loc 1 31 3 view .LVU13
  76 0032 019A     		ldr	r2, [sp, #4]
  77              	.LBE3:
  78              		.loc 1 31 3 view .LVU14
  32:Src/gpio.c    ****   __HAL_RCC_GPIOA_CLK_ENABLE();
  79              		.loc 1 32 3 view .LVU15
  80              	.LBB4:
  81              		.loc 1 32 3 view .LVU16
  82              		.loc 1 32 3 view .LVU17
  83 0034 9A69     		ldr	r2, [r3, #24]
ARM GAS  C:\Users\binhp\AppData\Local\Temp\ccV5tvCB.s 			page 3


  84 0036 42F00402 		orr	r2, r2, #4
  85 003a 9A61     		str	r2, [r3, #24]
  86              		.loc 1 32 3 view .LVU18
  87 003c 9A69     		ldr	r2, [r3, #24]
  88 003e 02F00402 		and	r2, r2, #4
  89 0042 0292     		str	r2, [sp, #8]
  90              		.loc 1 32 3 view .LVU19
  91 0044 029A     		ldr	r2, [sp, #8]
  92              	.LBE4:
  93              		.loc 1 32 3 view .LVU20
  33:Src/gpio.c    ****   __HAL_RCC_GPIOB_CLK_ENABLE();
  94              		.loc 1 33 3 view .LVU21
  95              	.LBB5:
  96              		.loc 1 33 3 view .LVU22
  97              		.loc 1 33 3 view .LVU23
  98 0046 9A69     		ldr	r2, [r3, #24]
  99 0048 42F00802 		orr	r2, r2, #8
 100 004c 9A61     		str	r2, [r3, #24]
 101              		.loc 1 33 3 view .LVU24
 102 004e 9B69     		ldr	r3, [r3, #24]
 103 0050 03F00803 		and	r3, r3, #8
 104 0054 0393     		str	r3, [sp, #12]
 105              		.loc 1 33 3 view .LVU25
 106 0056 039B     		ldr	r3, [sp, #12]
 107              	.LBE5:
 108              		.loc 1 33 3 view .LVU26
  34:Src/gpio.c    **** 
  35:Src/gpio.c    ****   /*Configure GPIO pin Output Level */
  36:Src/gpio.c    ****   HAL_GPIO_WritePin(GPIOC, GPIO_PIN_13, GPIO_PIN_RESET);
 109              		.loc 1 36 3 view .LVU27
 110 0058 0E4E     		ldr	r6, .L3+4
 111 005a 2246     		mov	r2, r4
 112 005c 4FF40051 		mov	r1, #8192
 113 0060 3046     		mov	r0, r6
 114 0062 FFF7FEFF 		bl	HAL_GPIO_WritePin
 115              	.LVL0:
  37:Src/gpio.c    **** 
  38:Src/gpio.c    ****   /*Configure GPIO pin : PC13 */
  39:Src/gpio.c    ****   GPIO_InitStruct.Pin = GPIO_PIN_13;
 116              		.loc 1 39 3 view .LVU28
 117              		.loc 1 39 23 is_stmt 0 view .LVU29
 118 0066 4FF40053 		mov	r3, #8192
 119 006a 0493     		str	r3, [sp, #16]
  40:Src/gpio.c    ****   GPIO_InitStruct.Mode = GPIO_MODE_OUTPUT_PP;
 120              		.loc 1 40 3 is_stmt 1 view .LVU30
 121              		.loc 1 40 24 is_stmt 0 view .LVU31
 122 006c 0123     		movs	r3, #1
 123 006e 0593     		str	r3, [sp, #20]
  41:Src/gpio.c    ****   GPIO_InitStruct.Pull = GPIO_NOPULL;
 124              		.loc 1 41 3 is_stmt 1 view .LVU32
 125              		.loc 1 41 24 is_stmt 0 view .LVU33
 126 0070 0694     		str	r4, [sp, #24]
  42:Src/gpio.c    ****   GPIO_InitStruct.Speed = GPIO_SPEED_FREQ_LOW;
 127              		.loc 1 42 3 is_stmt 1 view .LVU34
 128              		.loc 1 42 25 is_stmt 0 view .LVU35
 129 0072 0225     		movs	r5, #2
 130 0074 0795     		str	r5, [sp, #28]
ARM GAS  C:\Users\binhp\AppData\Local\Temp\ccV5tvCB.s 			page 4


  43:Src/gpio.c    ****   HAL_GPIO_Init(GPIOC, &GPIO_InitStruct);
 131              		.loc 1 43 3 is_stmt 1 view .LVU36
 132 0076 04A9     		add	r1, sp, #16
 133 0078 3046     		mov	r0, r6
 134 007a FFF7FEFF 		bl	HAL_GPIO_Init
 135              	.LVL1:
  44:Src/gpio.c    **** 
  45:Src/gpio.c    ****   /*Configure GPIO pin : PA1 */
  46:Src/gpio.c    ****   GPIO_InitStruct.Pin = GPIO_PIN_1;
 136              		.loc 1 46 3 view .LVU37
 137              		.loc 1 46 23 is_stmt 0 view .LVU38
 138 007e 0495     		str	r5, [sp, #16]
  47:Src/gpio.c    ****   GPIO_InitStruct.Mode = GPIO_MODE_INPUT;
 139              		.loc 1 47 3 is_stmt 1 view .LVU39
 140              		.loc 1 47 24 is_stmt 0 view .LVU40
 141 0080 0594     		str	r4, [sp, #20]
  48:Src/gpio.c    ****   GPIO_InitStruct.Pull = GPIO_NOPULL;
 142              		.loc 1 48 3 is_stmt 1 view .LVU41
 143              		.loc 1 48 24 is_stmt 0 view .LVU42
 144 0082 0694     		str	r4, [sp, #24]
  49:Src/gpio.c    ****   HAL_GPIO_Init(GPIOA, &GPIO_InitStruct);
 145              		.loc 1 49 3 is_stmt 1 view .LVU43
 146 0084 04A9     		add	r1, sp, #16
 147 0086 0448     		ldr	r0, .L3+8
 148 0088 FFF7FEFF 		bl	HAL_GPIO_Init
 149              	.LVL2:
  50:Src/gpio.c    **** }
 150              		.loc 1 50 1 is_stmt 0 view .LVU44
 151 008c 08B0     		add	sp, sp, #32
 152              	.LCFI2:
 153              		.cfi_def_cfa_offset 16
 154              		@ sp needed
 155 008e 70BD     		pop	{r4, r5, r6, pc}
 156              	.L4:
 157              		.align	2
 158              	.L3:
 159 0090 00100240 		.word	1073876992
 160 0094 00100140 		.word	1073811456
 161 0098 00080140 		.word	1073809408
 162              		.cfi_endproc
 163              	.LFE65:
 165              		.text
 166              	.Letext0:
 167              		.file 2 "C:\\ST\\STM32CubeCLT_1.17.0\\GNU-tools-for-STM32\\bin\\../lib/gcc/arm-none-eabi/12.3.1/..
 168              		.file 3 "C:\\ST\\STM32CubeCLT_1.17.0\\GNU-tools-for-STM32\\bin\\../lib/gcc/arm-none-eabi/12.3.1/..
 169              		.file 4 "Drivers/CMSIS/Device/ST/STM32F1xx/Include/stm32f103x6.h"
 170              		.file 5 "Drivers/STM32F1xx_HAL_Driver/Inc/stm32f1xx_hal_gpio.h"
ARM GAS  C:\Users\binhp\AppData\Local\Temp\ccV5tvCB.s 			page 5


DEFINED SYMBOLS
                            *ABS*:00000000 gpio.c
C:\Users\binhp\AppData\Local\Temp\ccV5tvCB.s:19     .text.MX_GPIO_Init:00000000 $t
C:\Users\binhp\AppData\Local\Temp\ccV5tvCB.s:25     .text.MX_GPIO_Init:00000000 MX_GPIO_Init
C:\Users\binhp\AppData\Local\Temp\ccV5tvCB.s:159    .text.MX_GPIO_Init:00000090 $d

UNDEFINED SYMBOLS
HAL_GPIO_WritePin
HAL_GPIO_Init
