ARM GAS  C:\Users\binhp\AppData\Local\Temp\cc0ZMRul.s 			page 1


   1              		.cpu cortex-m3
   2              		.arch armv7-m
   3              		.fpu softvfp
   4              		.eabi_attribute 20, 1
   5              		.eabi_attribute 21, 1
   6              		.eabi_attribute 23, 3
   7              		.eabi_attribute 24, 1
   8              		.eabi_attribute 25, 1
   9              		.eabi_attribute 26, 1
  10              		.eabi_attribute 30, 1
  11              		.eabi_attribute 34, 1
  12              		.eabi_attribute 18, 4
  13              		.file	"rc522.c"
  14              		.text
  15              	.Ltext0:
  16              		.cfi_sections	.debug_frame
  17              		.file 1 "../../../src/rc522.c"
  18              		.section	.text.rc522_get_chip_id,"ax",%progbits
  19              		.align	1
  20              		.global	rc522_get_chip_id
  21              		.syntax unified
  22              		.thumb
  23              		.thumb_func
  25              	rc522_get_chip_id:
  26              	.LFB0:
   1:../../../src/rc522.c **** #include "../inc/rc522.h"
   2:../../../src/rc522.c **** #include "../inc/rc522_reg.h"
   3:../../../src/rc522.c **** #include "../inc/rc522_spi.h"
   4:../../../src/rc522.c **** 
   5:../../../src/rc522.c **** uint8_t rc522_get_chip_id(void)
   6:../../../src/rc522.c **** {
  27              		.loc 1 6 1 view -0
  28              		.cfi_startproc
  29              		@ args = 0, pretend = 0, frame = 8
  30              		@ frame_needed = 0, uses_anonymous_args = 0
  31 0000 00B5     		push	{lr}
  32              	.LCFI0:
  33              		.cfi_def_cfa_offset 4
  34              		.cfi_offset 14, -4
  35 0002 83B0     		sub	sp, sp, #12
  36              	.LCFI1:
  37              		.cfi_def_cfa_offset 16
   7:../../../src/rc522.c ****     uint8_t size = 1;
  38              		.loc 1 7 5 view .LVU1
  39              	.LVL0:
   8:../../../src/rc522.c ****     uint8_t data[size];
  40              		.loc 1 8 5 view .LVU2
   9:../../../src/rc522.c ****     rc522_spi_read_reg(REG_VERSION, data, size);
  41              		.loc 1 9 5 view .LVU3
  42 0004 0122     		movs	r2, #1
  43 0006 01A9     		add	r1, sp, #4
  44              	.LVL1:
  45              		.loc 1 9 5 is_stmt 0 view .LVU4
  46 0008 3720     		movs	r0, #55
  47 000a FFF7FEFF 		bl	rc522_spi_read_reg
  48              	.LVL2:
  10:../../../src/rc522.c ****     return data[0];
ARM GAS  C:\Users\binhp\AppData\Local\Temp\cc0ZMRul.s 			page 2


  49              		.loc 1 10 5 is_stmt 1 view .LVU5
  11:../../../src/rc522.c **** }...
  50              		.loc 1 11 1 is_stmt 0 view .LVU6
  51 000e 9DF80400 		ldrb	r0, [sp, #4]	@ zero_extendqisi2
  52 0012 03B0     		add	sp, sp, #12
  53              	.LCFI2:
  54              		.cfi_def_cfa_offset 4
  55              		@ sp needed
  56 0014 5DF804FB 		ldr	pc, [sp], #4
  57              		.loc 1 11 1 view .LVU7
  58              		.cfi_endproc
  59              	.LFE0:
  61              		.text
  62              	.Letext0:
  63              		.file 2 "C:\\ST\\STM32CubeCLT_1.17.0\\GNU-tools-for-STM32\\bin\\../lib/gcc/arm-none-eabi/12.3.1/..
  64              		.file 3 "C:\\ST\\STM32CubeCLT_1.17.0\\GNU-tools-for-STM32\\bin\\../lib/gcc/arm-none-eabi/12.3.1/..
  65              		.file 4 "../../../src/../inc/rc522_spi.h"
ARM GAS  C:\Users\binhp\AppData\Local\Temp\cc0ZMRul.s 			page 3


DEFINED SYMBOLS
                            *ABS*:00000000 rc522.c
C:\Users\binhp\AppData\Local\Temp\cc0ZMRul.s:19     .text.rc522_get_chip_id:00000000 $t
C:\Users\binhp\AppData\Local\Temp\cc0ZMRul.s:25     .text.rc522_get_chip_id:00000000 rc522_get_chip_id

UNDEFINED SYMBOLS
rc522_spi_read_reg
